Traceback (most recent call last):
  File "/app/manage.py", line 22, in <module>
    main()
  File "/app/manage.py", line 18, in main
    execute_from_command_line(sys.argv)
  File "/usr/local/lib/python3.11/site-packages/django/core/management/__init__.py", line 442, in execute_from_command_line
    utility.execute()
  File "/usr/local/lib/python3.11/site-packages/django/core/management/__init__.py", line 436, in execute
    self.fetch_command(subcommand).run_from_argv(self.argv)
  File "/usr/local/lib/python3.11/site-packages/django/core/management/base.py", line 412, in run_from_argv
    self.execute(*args, **cmd_options)
  File "/usr/local/lib/python3.11/site-packages/django/core/management/base.py", line 458, in execute
    output = self.handle(*args, **options)
             ^^^^^^^^^^^^^^^^^^^^^^^^^^^^^
  File "/usr/local/lib/python3.11/site-packages/django/core/management/commands/shell.py", line 117, in handle
    exec(options["command"], globals())
  File "<string>", line 1, in <module>
  File "/usr/local/lib/python3.11/site-packages/django/db/models/query.py", line 1147, in delete
    collector.collect(del_query)
  File "/usr/local/lib/python3.11/site-packages/django/db/models/deletion.py", line 355, in collect
    raise ProtectedError(
django.db.models.deletion.ProtectedError: ("Cannot delete some instances of model 'ServiceConfig' because they are referenced through protected foreign keys: 'ServiceRequest.service_config'.", {<ServiceRequest: REQ-20260203-001>, <ServiceRequest: 598834DF>, <ServiceRequest: 234C19FC>, <ServiceRequest: DAEBCFF7>, <ServiceRequest: 0ED0BCB4>, <ServiceRequest: 2B0A2458>, <ServiceRequest: CAB-CAB-MEM-001-0>, <ServiceRequest: CAB-CAB-MEM-001-1>, <ServiceRequest: CAB-CAB-MEM-001-2>, <ServiceRequest: CAB-CAB-MEM-001-3>, <ServiceRequest: CAB-CAB-MEM-001-4>, <ServiceRequest: CAB-CAB-GDMIS-001-0>, <ServiceRequest: CAB-CAB-GDMIS-001-1>, <ServiceRequest: CAB-CAB-GDMIS-001-2>, <ServiceRequest: CAB-CAB-GDMIS-001-3>, <ServiceRequest: CAB-CAB-GDMIS-001-4>, <ServiceRequest: CAB-CAB-FLEET-001-0>, <ServiceRequest: CAB-CAB-FLEET-001-1>, <ServiceRequest: CAB-CAB-FLEET-001-2>, <ServiceRequest: CAB-CAB-FLEET-001-3>, <ServiceRequest: CAB-CAB-FLEET-001-4>, <ServiceRequest: AWW-PR-202600>, <ServiceRequest: AWW-PR-202601>, <ServiceRequest: AWW-PR-202602>, <ServiceRequest: AWW-PR-202603>, <ServiceRequest: AWW-PR-202604>, <ServiceRequest: AWW-PR-202605>, <ServiceRequest: AWW-PR-202606>, <ServiceRequest: AWW-PR-202607>, <ServiceRequest: AWW-PR-202608>, <ServiceRequest: AWW-PR-202609>, <ServiceRequest: AWW-CORR-202600>, <ServiceRequest: AWW-CORR-202601>, <ServiceRequest: AWW-CORR-202602>, <ServiceRequest: AWW-CORR-202603>, <ServiceRequest: AWW-CORR-202604>, <ServiceRequest: AWW-CORR-202605>, <ServiceRequest: AWW-CORR-202606>, <ServiceRequest: AWW-CORR-202607>, <ServiceRequest: AWW-CORR-202608>, <ServiceRequest: AWW-CORR-202609>, <ServiceRequest: AWW-CORR-202610>, <ServiceRequest: AWW-CORR-202611>, <ServiceRequest: AWW-CORR-202612>, <ServiceRequest: AWW-CORR-202613>, <ServiceRequest: AWW-CORR-202614>, <ServiceRequest: NGC-SITE-202600>, <ServiceRequest: NGC-SITE-202601>, <ServiceRequest: NGC-SITE-202602>, <ServiceRequest: NGC-SITE-202603>, <ServiceRequest: NGC-SITE-202604>, <ServiceRequest: NGC-SITE-202605>, <ServiceRequest: NGC-SITE-202606>, <ServiceRequest: NGC-SITE-202607>, <ServiceRequest: NGC-SITE-202608>, <ServiceRequest: NGC-SITE-202609>, <ServiceRequest: NGC-SITE-202610>, <ServiceRequest: NGC-SITE-202611>, <ServiceRequest: NGC-SITE-202612>, <ServiceRequest: NGC-SITE-202613>, <ServiceRequest: NGC-SITE-202614>, <ServiceRequest: NGC-SITE-202615>, <ServiceRequest: NGC-SITE-202616>, <ServiceRequest: NGC-SITE-202617>, <ServiceRequest: NGC-SITE-202618>, <ServiceRequest: NGC-SITE-202619>, <ServiceRequest: SPEC-SOC-001-1000>, <ServiceRequest: SPEC-SOC-001-1001>, <ServiceRequest: SPEC-SOC-001-1002>, <ServiceRequest: SPEC-SOC-001-1003>, <ServiceRequest: SPEC-SOC-001-1004>, <ServiceRequest: CHI-CASE-02-1000>, <ServiceRequest: CHI-CASE-02-1001>, <ServiceRequest: CHI-CASE-02-1002>, <ServiceRequest: CHI-CASE-02-1003>, <ServiceRequest: CHI-CASE-02-1004>, <ServiceRequest: COS-EXEC-001-1000>, <ServiceRequest: COS-EXEC-001-1001>, <ServiceRequest: COS-EXEC-001-1002>, <ServiceRequest: COS-EXEC-001-1003>, <ServiceRequest: COS-EXEC-001-1004>, <ServiceRequest: NGC-COORD-001-1000>, <ServiceRequest: NGC-COORD-001-1001>, <ServiceRequest: NGC-COORD-001-1002>, <ServiceRequest: NGC-COORD-001-1003>, <ServiceRequest: NGC-COORD-001-1004>, <ServiceRequest: CUL-REG-001-1000>, <ServiceRequest: CUL-REG-001-1001>, <ServiceRequest: CUL-REG-001-1002>, <ServiceRequest: CUL-REG-001-1003>, <ServiceRequest: CUL-REG-001-1004>, <ServiceRequest: CUL-UKI-001-1000>, <ServiceRequest: CUL-UKI-001-1001>, <ServiceRequest: CUL-UKI-001-1002>, <ServiceRequest: CUL-UKI-001-1003>, <ServiceRequest: CUL-UKI-001-1004>, <ServiceRequest: DIS-PAS-2026-1000>, <ServiceRequest: DIS-PAS-2026-1001>, <ServiceRequest: DIS-PAS-2026-1002>, <ServiceRequest: DIS-PAS-2026-1003>, <ServiceRequest: DIS-PAS-2026-1004>})
